<?xml version="1.0" encoding="UTF-8"?>
<!-- Generated by org.testng.reporters.JUnitXMLReporter -->
<testsuite hostname="WIN-NFDCINOH1RK" ignored="0" name="Test1" tests="3" failures="2" timestamp="2020-02-06T09:33:57 UTC" time="0.015" errors="0">
  <testcase name="primemembership" time="0.0" classname="hdc2demos.Feb6">
    <failure type="org.testng.TestNGException" message="
Method primemembership requires 3 parameters but 2 were supplied in the @Test annotation.">
      <![CDATA[org.testng.TestNGException: 
Method primemembership requires 3 parameters but 2 were supplied in the @Test annotation.
at java.util.ArrayList.forEach(Unknown Source)
... Removed 26 stack frames]]>
    </failure>
  </testcase> <!-- primemembership -->
  <testcase name="renewal" time="0.0" classname="hdc2demos.Feb6"/>
  <testcase name="termination" time="0.0" classname="hdc2demos.Feb6">
    <failure type="org.testng.TestNGException" message="
Method termination requires 3 parameters but 2 were supplied in the @Test annotation.">
      <![CDATA[org.testng.TestNGException: 
Method termination requires 3 parameters but 2 were supplied in the @Test annotation.
at java.util.ArrayList.forEach(Unknown Source)
... Removed 26 stack frames]]>
    </failure>
  </testcase> <!-- termination -->
</testsuite> <!-- Test1 -->
